c:\users\dmitry\source\repos\ailib\ailib\debug\ailib.pdb
c:\users\dmitry\source\repos\ailib\ailib\debug\ailib.idb
c:\users\dmitry\source\repos\ailib\ailib\debug\mathutils.nativecodeanalysis.xml
c:\users\dmitry\source\repos\ailib\ailib\debug\ailib.nativecodeanalysis.xml
c:\users\dmitry\source\repos\ailib\ailib\debug\ailib.obj
c:\users\dmitry\source\repos\ailib\ailib\debug\mathutils.obj
c:\users\dmitry\source\repos\ailib\debug\ailib.lib
c:\users\dmitry\source\repos\ailib\debug\ailib.dll
c:\users\dmitry\source\repos\ailib\debug\ailib.ilk
c:\users\dmitry\source\repos\ailib\debug\ailib.pdb
c:\users\dmitry\source\repos\ailib\ailib\debug\pch.obj
c:\users\dmitry\source\repos\ailib\ailib\debug\nativecodeanalysis.read.1.tlog
c:\users\dmitry\source\repos\ailib\ailib\debug\ailib.pch
c:\users\dmitry\source\repos\ailib\ailib\debug\ailib.pchast
c:\users\dmitry\source\repos\ailib\ailib\debug\vc141.idb
c:\users\dmitry\source\repos\ailib\ailib\debug\vc141.pdb
c:\users\dmitry\source\repos\ailib\ailib\debug\pch.nativecodeanalysis.xml
c:\users\dmitry\source\repos\ailib\ailib\debug\vc.nativecodeanalysis.all.xml
c:\users\dmitry\source\repos\ailib\debug\ailib.lib.lastcodeanalysissucceeded
c:\users\dmitry\source\repos\ailib\ailib\debug\ailib.tlog\ailib.write.1u.tlog
c:\users\dmitry\source\repos\ailib\ailib\debug\ailib.tlog\cl.command.1.tlog
c:\users\dmitry\source\repos\ailib\ailib\debug\ailib.tlog\cl.read.1.tlog
c:\users\dmitry\source\repos\ailib\ailib\debug\ailib.tlog\cl.write.1.tlog
c:\users\dmitry\source\repos\ailib\ailib\debug\ailib.tlog\lib-link.read.1.tlog
c:\users\dmitry\source\repos\ailib\ailib\debug\ailib.tlog\lib-link.write.1.tlog
c:\users\dmitry\source\repos\ailib\ailib\debug\ailib.tlog\lib.command.1.tlog
c:\users\dmitry\source\repos\ailib\ailib\debug\ailib.tlog\link.15000.delete.1.tlog
c:\users\dmitry\source\repos\ailib\ailib\debug\ailib.tlog\link.15660.delete.1.tlog
c:\users\dmitry\source\repos\ailib\ailib\debug\ailib.tlog\link.16124.delete.1.tlog
c:\users\dmitry\source\repos\ailib\ailib\debug\ailib.tlog\link.command.1.tlog
c:\users\dmitry\source\repos\ailib\ailib\debug\ailib.tlog\link.delete.1.tlog
c:\users\dmitry\source\repos\ailib\ailib\debug\ailib.tlog\link.read.1.tlog
c:\users\dmitry\source\repos\ailib\ailib\debug\ailib.tlog\link.write.1.tlog
