  KNeighborsClassifier.cpp
  class any is only available with C++17 or later.
c:\users\dmitry\documents\github\ailib\ailib\kneighborsclassifier.cpp(18): warning C4267: =: преобразование из "size_t" в "int"; возможна потеря данных
c:\users\dmitry\documents\github\ailib\ailib\kneighborsclassifier.cpp(19): warning C4267: =: преобразование из "size_t" в "int"; возможна потеря данных
c:\program files (x86)\microsoft visual studio\2017\enterprise\vc\tools\msvc\14.16.27023\include\utility(208): warning C4244: инициализация: преобразование "const _Ty2" в "_Ty2", возможна потеря данных
          with
          [
              _Ty2=double
          ]
          and
          [
              _Ty2=int
          ]
  c:\program files (x86)\microsoft visual studio\2017\enterprise\vc\tools\msvc\14.16.27023\include\algorithm(3907): note: выполняется компиляция ссылки на экземпляр шаблон функции "std::pair<int,int>::pair<int,double,0>(const std::pair<int,double> &) noexcept"
  c:\program files (x86)\microsoft visual studio\2017\enterprise\vc\tools\msvc\14.16.27023\include\algorithm(3905): note: выполняется компиляция ссылки на экземпляр шаблон функции "std::pair<int,int>::pair<int,double,0>(const std::pair<int,double> &) noexcept"
  c:\program files (x86)\microsoft visual studio\2017\enterprise\vc\tools\msvc\14.16.27023\include\algorithm(4000): note: выполняется компиляция ссылки на экземпляр шаблон функции "std::pair<_RanIt,_RanIt> std::_Partition_by_median_guess_unchecked<_RanIt,_Pr>(_RanIt,_RanIt,_Pr)"
          with
          [
              _RanIt=std::pair<int,double> *,
              _Pr=KNeighborsClassifier::Predict::<lambda_c5a1f4cc0a6304713260803c5c923bef>
          ]
  c:\program files (x86)\microsoft visual studio\2017\enterprise\vc\tools\msvc\14.16.27023\include\algorithm(4034): note: выполняется компиляция ссылки на экземпляр шаблон функции "void std::_Sort_unchecked<std::pair<int,double>*,_Fn>(_RanIt,_RanIt,__int64,_Pr)"
          with
          [
              _Fn=KNeighborsClassifier::Predict::<lambda_c5a1f4cc0a6304713260803c5c923bef>,
              _RanIt=std::pair<int,double> *,
              _Pr=KNeighborsClassifier::Predict::<lambda_c5a1f4cc0a6304713260803c5c923bef>
          ]
  c:\users\dmitry\documents\github\ailib\ailib\kneighborsclassifier.cpp(51): note: выполняется компиляция ссылки на экземпляр шаблон функции "void std::sort<std::_Vector_iterator<std::_Vector_val<std::_Simple_types<_Ty>>>,KNeighborsClassifier::Predict::<lambda_c5a1f4cc0a6304713260803c5c923bef>>(const _RanIt,const _RanIt,_Pr)"
          with
          [
              _Ty=std::pair<int,double>,
              _RanIt=std::_Vector_iterator<std::_Vector_val<std::_Simple_types<std::pair<int,double>>>>,
              _Pr=KNeighborsClassifier::Predict::<lambda_c5a1f4cc0a6304713260803c5c923bef>
          ]
  mathutils.cpp
  class any is only available with C++17 or later.
  FileUtilities.cpp
  class any is only available with C++17 or later.
c:\users\dmitry\documents\github\ailib\ailib\fileutilities.cpp(36): warning C4267: =: преобразование из "size_t" в "int"; возможна потеря данных
c:\users\dmitry\documents\github\ailib\ailib\fileutilities.cpp(38): warning C4267: инициализация: преобразование из "size_t" в "int"; возможна потеря данных
  Компиляция...
  Создание кода...
  ailib.vcxproj -> C:\Users\Dmitry\Documents\GitHub\ailib\x64\Debug\ailib.lib
c:\users\dmitry\documents\github\ailib\ailib\kneighborsclassifier.cpp(4): warning C26495: Variable 'KNeighborsClassifier::trainPointDim' is uninitialized. Always initialize a member variable (type.6).
c:\users\dmitry\documents\github\ailib\ailib\kneighborsclassifier.cpp(9): warning C26495: Variable 'KNeighborsClassifier::trainPointDim' is uninitialized. Always initialize a member variable (type.6).
c:\users\dmitry\documents\github\ailib\ailib\kneighborsclassifier.cpp(31): warning C26451: Arithmetic overflow: Using operator '+' on a 4 byte value and then casting the result to a 8 byte value. Cast the value to the wider type before calling operator '+' to avoid overflow (io.2).
c:\users\dmitry\documents\github\ailib\ailib\kneighborsclassifier.cpp(77): warning C26451: Arithmetic overflow: Using operator '+' on a 4 byte value and then casting the result to a 8 byte value. Cast the value to the wider type before calling operator '+' to avoid overflow (io.2).
c:\users\dmitry\documents\github\ailib\ailib\mathutils.cpp(10): warning C26451: Arithmetic overflow: Using operator '*' on a 4 byte value and then casting the result to a 8 byte value. Cast the value to the wider type before calling operator '*' to avoid overflow (io.2).
c:\users\dmitry\documents\github\ailib\ailib\mathutils.cpp(10): warning C26451: Arithmetic overflow: Using operator '-' on a 4 byte value and then casting the result to a 8 byte value. Cast the value to the wider type before calling operator '-' to avoid overflow (io.2).
c:\users\dmitry\documents\github\ailib\ailib\mathutils.cpp(24): warning C26451: Arithmetic overflow: Using operator '*' on a 4 byte value and then casting the result to a 8 byte value. Cast the value to the wider type before calling operator '*' to avoid overflow (io.2).
c:\users\dmitry\documents\github\ailib\ailib\mathutils.cpp(24): warning C26451: Arithmetic overflow: Using operator '-' on a 4 byte value and then casting the result to a 8 byte value. Cast the value to the wider type before calling operator '-' to avoid overflow (io.2).
c:\users\dmitry\documents\github\ailib\ailib\fileutilities.cpp(9): warning C26495: Variable 'ktstd::FileUtilities::CSV::lenght' is uninitialized. Always initialize a member variable (type.6).
